Determining if the pthread_create exist failed with the following output:
Change Dir: /home/vadim/Projects/Autonet-2019---Team-Robosapiens/source/build/CMakeFiles/CMakeTmp

Run Build Command:"/usr/bin/make" "cmTC_24a1c/fast"
/usr/bin/make -f CMakeFiles/cmTC_24a1c.dir/build.make CMakeFiles/cmTC_24a1c.dir/build
make[1]: вход в каталог «/home/vadim/Projects/Autonet-2019---Team-Robosapiens/source/build/CMakeFiles/CMakeTmp»
Building C object CMakeFiles/cmTC_24a1c.dir/CheckSymbolExists.c.o
/usr/bin/cc     -o CMakeFiles/cmTC_24a1c.dir/CheckSymbolExists.c.o   -c /home/vadim/Projects/Autonet-2019---Team-Robosapiens/source/build/CMakeFiles/CMakeTmp/CheckSymbolExists.c
Linking C executable cmTC_24a1c
/usr/bin/cmake -E cmake_link_script CMakeFiles/cmTC_24a1c.dir/link.txt --verbose=1
/usr/bin/cc       CMakeFiles/cmTC_24a1c.dir/CheckSymbolExists.c.o  -o cmTC_24a1c -rdynamic 
CMakeFiles/cmTC_24a1c.dir/CheckSymbolExists.c.o: In function `main':
CheckSymbolExists.c:(.text+0x16): undefined reference to `pthread_create'
collect2: error: ld returned 1 exit status
CMakeFiles/cmTC_24a1c.dir/build.make:97: ошибка выполнения рецепта для цели «cmTC_24a1c»
make[1]: *** [cmTC_24a1c] Ошибка 1
make[1]: выход из каталога «/home/vadim/Projects/Autonet-2019---Team-Robosapiens/source/build/CMakeFiles/CMakeTmp»
Makefile:126: ошибка выполнения рецепта для цели «cmTC_24a1c/fast»
make: *** [cmTC_24a1c/fast] Ошибка 2

File /home/vadim/Projects/Autonet-2019---Team-Robosapiens/source/build/CMakeFiles/CMakeTmp/CheckSymbolExists.c:
/* */
#include <pthread.h>

int main(int argc, char** argv)
{
  (void)argv;
#ifndef pthread_create
  return ((int*)(&pthread_create))[argc];
#else
  (void)argc;
  return 0;
#endif
}

Determining if the function pthread_create exists in the pthreads failed with the following output:
Change Dir: /home/vadim/Projects/Autonet-2019---Team-Robosapiens/source/build/CMakeFiles/CMakeTmp

Run Build Command:"/usr/bin/make" "cmTC_d1879/fast"
/usr/bin/make -f CMakeFiles/cmTC_d1879.dir/build.make CMakeFiles/cmTC_d1879.dir/build
make[1]: вход в каталог «/home/vadim/Projects/Autonet-2019---Team-Robosapiens/source/build/CMakeFiles/CMakeTmp»
Building C object CMakeFiles/cmTC_d1879.dir/CheckFunctionExists.c.o
/usr/bin/cc    -DCHECK_FUNCTION_EXISTS=pthread_create   -o CMakeFiles/cmTC_d1879.dir/CheckFunctionExists.c.o   -c /usr/share/cmake-3.5/Modules/CheckFunctionExists.c
Linking C executable cmTC_d1879
/usr/bin/cmake -E cmake_link_script CMakeFiles/cmTC_d1879.dir/link.txt --verbose=1
/usr/bin/cc   -DCHECK_FUNCTION_EXISTS=pthread_create    CMakeFiles/cmTC_d1879.dir/CheckFunctionExists.c.o  -o cmTC_d1879 -rdynamic -lpthreads 
/usr/bin/ld: cannot find -lpthreads
collect2: error: ld returned 1 exit status
CMakeFiles/cmTC_d1879.dir/build.make:97: ошибка выполнения рецепта для цели «cmTC_d1879»
make[1]: *** [cmTC_d1879] Ошибка 1
make[1]: выход из каталога «/home/vadim/Projects/Autonet-2019---Team-Robosapiens/source/build/CMakeFiles/CMakeTmp»
Makefile:126: ошибка выполнения рецепта для цели «cmTC_d1879/fast»
make: *** [cmTC_d1879/fast] Ошибка 2


